<?xml version="1.0" encoding="UTF-8"?>
<testsuite name="com.example.sammywifilibrary.ExampleUnitTest" tests="1" skipped="0" failures="0" errors="0" timestamp="2018-06-06T09:52:55" hostname="channa-Inspiron-5567" time="0.0">
  <properties/>
  <testcase name="addition_isCorrect" classname="com.example.sammywifilibrary.ExampleUnitTest" time="0.0"/>
  <system-out><![CDATA[]]></system-out>
  <system-err><![CDATA[]]></system-err>
</testsuite>
